<?xml version="1.0" encoding="UTF-8"?>
<!-- Generated by org.testng.reporters.JUnitReportReporter -->
<testsuite hostname="DESKTOP-LSK7SCF" failures="0" tests="8" name="com.PageTestPackage.SignInPageTest" time="98.691" errors="0" timestamp="2023-04-25T12:00:38 PDT" skipped="0">
  <testcase classname="com.PageTestPackage.SignInPageTest" name="VerifyFSAtest" time="12.127"/>
  <system-out/>
  <testcase classname="com.PageTestPackage.SignInPageTest" name="VerifyTitleTest" time="10.029"/>
  <system-out/>
  <testcase classname="com.PageTestPackage.SignInPageTest" name="LoginTest" time="12.369"/>
  <system-out/>
  <testcase classname="com.PageTestPackage.SignInPageTest" name="LoginTest" time="11.947"/>
  <system-out/>
  <testcase classname="com.PageTestPackage.SignInPageTest" name="LoginTest" time="14.966"/>
  <system-out/>
  <testcase classname="com.PageTestPackage.SignInPageTest" name="LoginTest" time="12.434"/>
  <system-out/>
  <testcase classname="com.PageTestPackage.SignInPageTest" name="LoginTest" time="12.192"/>
  <system-out/>
  <testcase classname="com.PageTestPackage.SignInPageTest" name="LoginTest" time="12.627"/>
  <system-out/>
</testsuite> <!-- com.PageTestPackage.SignInPageTest -->
