<?xml version="1.0" encoding="UTF-8"?>
<!-- Generated by org.testng.reporters.JUnitReportReporter -->
<testsuite hostname="DESKTOP-LSK7SCF" failures="0" tests="4" name="com.PageTestPackage.HomePageTest" time="50.123" errors="0" timestamp="2023-04-25T12:00:38 PDT" skipped="0">
  <testcase classname="com.PageTestPackage.HomePageTest" name="verifyTitletest" time="12.500"/>
  <system-out/>
  <testcase classname="com.PageTestPackage.HomePageTest" name="verifylogotest" time="12.687"/>
  <system-out/>
  <testcase classname="com.PageTestPackage.HomePageTest" name="verifyWblTest" time="11.555"/>
  <system-out/>
  <testcase classname="com.PageTestPackage.HomePageTest" name="verifyloginbtnTest" time="13.381"/>
  <system-out/>
</testsuite> <!-- com.PageTestPackage.HomePageTest -->
